C:\Stuff\Other\Onslaught Saga and Heroes Reborn\1 Onslaught Saga\30 - Impact two - Spider-Man #72.cbr
Index was out of range. Must be non-negative and less than the size of the collection.
Parameter name: index
C:\Stuff\Other\Onslaught Saga and Heroes Reborn\1 Onslaught Saga\35 - Epilogue - Uncanny X-Men #337.cbr
Index was out of range. Must be non-negative and less than the size of the collection.
Parameter name: index
C:\Stuff\Other\Onslaught Saga and Heroes Reborn\2 Heroes Reborn - The 4 Series\HR Pack 2 (Iron Man v2)\Iron Man v2 08.cbz
Index was out of range. Must be non-negative and less than the size of the collection.
Parameter name: index
C:\Stuff\Other\Onslaught Saga and Heroes Reborn\1 Onslaught Saga\08 - Phase One - Cable #034 - Phase 1.cbr
Index was out of range. Must be non-negative and less than the size of the collection.
Parameter name: index
C:\Stuff\Other\Onslaught Saga and Heroes Reborn\2 Heroes Reborn - The 4 Series\HR Pack 1 (Fantastic Four v2)\Fantastic Four v2 10.cbr
Index was out of range. Must be non-negative and less than the size of the collection.
Parameter name: index
C:\Stuff\Other\Onslaught Saga and Heroes Reborn\1 Onslaught Saga\01 - Overview - The Road To Onslaught.cbr
Index was out of range. Must be non-negative and less than the size of the collection.
Parameter name: index
C:\Stuff\Other\Onslaught Saga and Heroes Reborn\1 Onslaught Saga\23 - Impact two - The Amazing Spiderman #415.cbr
Index was out of range. Must be non-negative and less than the size of the collection.
Parameter name: index
C:\Stuff\Other\Onslaught Saga and Heroes Reborn\2 Heroes Reborn - The 4 Series\HR Pack 4 (Avengers v2)\Avengers v2 06.cbz
Index was out of range. Must be non-negative and less than the size of the collection.
Parameter name: index
C:\Stuff\Other\Onslaught Saga and Heroes Reborn\1 Onslaught Saga\05 - Prelude - X-Men Onslaught - Traitor To The Cause.cbr
Index was out of range. Must be non-negative and less than the size of the collection.
Parameter name: index
C:\Stuff\Other\Onslaught Saga and Heroes Reborn\3 Heroes Reborn - The Return\Heroes Reborn- The Return\Heroes Reborn - the return 03.cbr
Index was out of range. Must be non-negative and less than the size of the collection.
Parameter name: index
C:\Stuff\Other\Onslaught Saga and Heroes Reborn\1 Onslaught Saga\35 - Epilogue - Uncanny X-Men #337.cbr
Index was out of range. Must be non-negative and less than the size of the collection.
Parameter name: index
C:\Stuff\Other\Onslaught Saga and Heroes Reborn\1 Onslaught Saga\37 - Epilogue - Excalibur #101.cbr
Index was out of range. Must be non-negative and less than the size of the collection.
Parameter name: index
C:\Stuff\Other\Onslaught Saga and Heroes Reborn\2 Heroes Reborn - The 4 Series\HR Pack 1 (Fantastic Four v2)\Fantastic Four v2 05.cbr
Index was out of range. Must be non-negative and less than the size of the collection.
Parameter name: index
C:\Stuff\Other\Onslaught Saga and Heroes Reborn\2 Heroes Reborn - The 4 Series\HR Pack 3 (Captain America v2)\Captain America v2 12.cbz
Index was out of range. Must be non-negative and less than the size of the collection.
Parameter name: index
C:\Stuff\Other\Onslaught Saga and Heroes Reborn\2 Heroes Reborn - The 4 Series\HR Pack 2 (Iron Man v2)\Iron Man v2 06.cbz
Index was out of range. Must be non-negative and less than the size of the collection.
Parameter name: index
C:\Stuff\Other\Onslaught Saga and Heroes Reborn\1 Onslaught Saga\00 - Prelude - Uncanny X-Men #322.cbr
Index was out of range. Must be non-negative and less than the size of the collection.
Parameter name: index
C:\Stuff\Other\Onslaught Saga and Heroes Reborn\1 Onslaught Saga\27 - Impact two - Incredible Hulk #445.cbr
Index was out of range. Must be non-negative and less than the size of the collection.
Parameter name: index
C:\Stuff\Other\Onslaught Saga and Heroes Reborn\2 Heroes Reborn - The 4 Series\HR Pack 3 (Captain America v2)\Captain America v2 13.cbz
Index was out of range. Must be non-negative and less than the size of the collection.
Parameter name: index
C:\Stuff\Other\Onslaught Saga and Heroes Reborn\2 Heroes Reborn - The 4 Series\HR Pack 1 (Fantastic Four v2)\Fantastic Four v2 06.cbr
Index was out of range. Must be non-negative and less than the size of the collection.
Parameter name: index
C:\Stuff\Other\Onslaught Saga and Heroes Reborn\2 Heroes Reborn - The 4 Series\HR Pack 4 (Avengers v2)\Avengers v2 02.cbz
Index was out of range. Must be non-negative and less than the size of the collection.
Parameter name: index
C:\Stuff\Other\Onslaught Saga and Heroes Reborn\1 Onslaught Saga\27 - Impact two - Incredible Hulk #445.cbr
Index was out of range. Must be non-negative and less than the size of the collection.
Parameter name: index
C:\Stuff\Other\Onslaught Saga and Heroes Reborn\1 Onslaught Saga\14 - Phase two - Cable #35.cbr
Index was out of range. Must be non-negative and less than the size of the collection.
Parameter name: index
C:\Stuff\Other\Onslaught Saga and Heroes Reborn\1 Onslaught Saga\36 - Epilogue - X-Men V2#057.cbr
Index was out of range. Must be non-negative and less than the size of the collection.
Parameter name: index
C:\Stuff\Other\Onslaught Saga and Heroes Reborn\2 Heroes Reborn - The 4 Series\HR Pack 4 (Avengers v2)\Avengers v2 13.cbz
Index was out of range. Must be non-negative and less than the size of the collection.
Parameter name: index
C:\Stuff\Other\Onslaught Saga and Heroes Reborn\2 Heroes Reborn - The 4 Series\HR Pack 3 (Captain America v2)\Captain America v2 08.cbz
Index was out of range. Must be non-negative and less than the size of the collection.
Parameter name: index
C:\Stuff\Other\Onslaught Saga and Heroes Reborn\1 Onslaught Saga\09 - Phase One - Fantastic Four #415.cbr
Index was out of range. Must be non-negative and less than the size of the collection.
Parameter name: index
C:\Stuff\Other\Onslaught Saga and Heroes Reborn\2 Heroes Reborn - The 4 Series\HR Pack 3 (Captain America v2)\Captain America v2 08.cbz
Index was out of range. Must be non-negative and less than the size of the collection.
Parameter name: index
C:\Stuff\Other\Onslaught Saga and Heroes Reborn\2 Heroes Reborn - The 4 Series\HR Pack 4 (Avengers v2)\Avengers v2 08.cbz
Index was out of range. Must be non-negative and less than the size of the collection.
Parameter name: index
C:\Stuff\Other\Onslaught Saga and Heroes Reborn\1 Onslaught Saga\28 - Impact two - Iron Man #332.cbr
Index was out of range. Must be non-negative and less than the size of the collection.
Parameter name: index
C:\Stuff\Other\Onslaught Saga and Heroes Reborn\1 Onslaught Saga\27 - Impact two - Incredible Hulk #445.cbr
Index was out of range. Must be non-negative and less than the size of the collection.
Parameter name: index
C:\Stuff\Other\Onslaught Saga and Heroes Reborn\2 Heroes Reborn - The 4 Series\HR Pack 4 (Avengers v2)\Avengers v2 12.cbz
Index was out of range. Must be non-negative and less than the size of the collection.
Parameter name: index
C:\Stuff\Other\Onslaught Saga and Heroes Reborn\2 Heroes Reborn - The 4 Series\HR Pack 1 (Fantastic Four v2)\Fantastic Four v2 09.cbr
Index was out of range. Must be non-negative and less than the size of the collection.
Parameter name: index
C:\Stuff\Other\Onslaught Saga and Heroes Reborn\1 Onslaught Saga\12 - Phase two - Fantastic Four #416.cbr
Index was out of range. Must be non-negative and less than the size of the collection.
Parameter name: index
C:\Stuff\Other\Onslaught Saga and Heroes Reborn\1 Onslaught Saga\12 - Phase two - Fantastic Four #416.cbr
Index was out of range. Must be non-negative and less than the size of the collection.
Parameter name: index
C:\Stuff\Other\Onslaught Saga and Heroes Reborn\2 Heroes Reborn - The 4 Series\HR Pack 2 (Iron Man v2)\Iron Man v2 03.cbz
Index was out of range. Must be non-negative and less than the size of the collection.
Parameter name: index
C:\Stuff\Other\Onslaught Saga and Heroes Reborn\3 Heroes Reborn - The Return\Heroes Reborn- The Return\Heroes Reborn - the return 02.cbr
Index was out of range. Must be non-negative and less than the size of the collection.
Parameter name: index
C:\Stuff\Other\Onslaught Saga and Heroes Reborn\2 Heroes Reborn - The 4 Series\HR Pack 2 (Iron Man v2)\Iron Man v2 07.cbz
Index was out of range. Must be non-negative and less than the size of the collection.
Parameter name: index
C:\Stuff\Other\Onslaught Saga and Heroes Reborn\2 Heroes Reborn - The 4 Series\HR Pack 2 (Iron Man v2)\Iron Man v2 03.cbz
Index was out of range. Must be non-negative and less than the size of the collection.
Parameter name: index
C:\Stuff\Other\Onslaught Saga and Heroes Reborn\1 Onslaught Saga\03 - Prelude - Uncanny X-Men #334.cbr
Index was out of range. Must be non-negative and less than the size of the collection.
Parameter name: index
C:\Stuff\Other\Onslaught Saga and Heroes Reborn\1 Onslaught Saga\08 - Phase One - Cable #034 - Phase 1.cbr
Index was out of range. Must be non-negative and less than the size of the collection.
Parameter name: index
C:\Stuff\Other\Onslaught Saga and Heroes Reborn\2 Heroes Reborn - The 4 Series\HR Pack 2 (Iron Man v2)\Iron Man v2 09.cbz
Index was out of range. Must be non-negative and less than the size of the collection.
Parameter name: index
C:\Stuff\Other\Onslaught Saga and Heroes Reborn\2 Heroes Reborn - The 4 Series\HR Pack 1 (Fantastic Four v2)\Fantastic Four v2 02.cbr
Index was out of range. Must be non-negative and less than the size of the collection.
Parameter name: index
C:\Stuff\Other\Onslaught Saga and Heroes Reborn\1 Onslaught Saga\03 - Prelude - Uncanny X-Men #334.cbr
Index was out of range. Must be non-negative and less than the size of the collection.
Parameter name: index
C:\Stuff\Other\Onslaught Saga and Heroes Reborn\1 Onslaught Saga\28 - Impact two - Iron Man #332.cbr
Index was out of range. Must be non-negative and less than the size of the collection.
Parameter name: index
C:\Stuff\Other\Onslaught Saga and Heroes Reborn\2 Heroes Reborn - The 4 Series\HR Pack 3 (Captain America v2)\Captain America v2 11.cbr
Index was out of range. Must be non-negative and less than the size of the collection.
Parameter name: index
C:\Stuff\Other\Onslaught Saga and Heroes Reborn\2 Heroes Reborn - The 4 Series\HR Pack 2 (Iron Man v2)\Iron Man v2 03.cbz
Index was out of range. Must be non-negative and less than the size of the collection.
Parameter name: index
C:\Stuff\Other\Onslaught Saga and Heroes Reborn\2 Heroes Reborn - The 4 Series\HR Pack 2 (Iron Man v2)\Iron Man v2 05.cbz
Index was out of range. Must be non-negative and less than the size of the collection.
Parameter name: index
C:\Stuff\Other\Onslaught Saga and Heroes Reborn\2 Heroes Reborn - The 4 Series\HR Pack 4 (Avengers v2)\Avengers v2 13.cbz
Index was out of range. Must be non-negative and less than the size of the collection.
Parameter name: index
C:\Stuff\Other\Onslaught Saga and Heroes Reborn\2 Heroes Reborn - The 4 Series\HR Pack 2 (Iron Man v2)\Iron Man v2 13.cbr
Index was out of range. Must be non-negative and less than the size of the collection.
Parameter name: index
C:\Stuff\Other\Onslaught Saga and Heroes Reborn\2 Heroes Reborn - The 4 Series\HR Pack 1 (Fantastic Four v2)\Fantastic Four v2 04.cbr
Index was out of range. Must be non-negative and less than the size of the collection.
Parameter name: index
C:\Stuff\Other\Onslaught Saga and Heroes Reborn\2 Heroes Reborn - The 4 Series\HR Pack 4 (Avengers v2)\Avengers v2 12.cbz
Index was out of range. Must be non-negative and less than the size of the collection.
Parameter name: index
C:\Stuff\Other\Onslaught Saga and Heroes Reborn\2 Heroes Reborn - The 4 Series\HR Pack 4 (Avengers v2)\Avengers v2 07.cbz
Index was out of range. Must be non-negative and less than the size of the collection.
Parameter name: index
C:\Stuff\Other\Onslaught Saga and Heroes Reborn\2 Heroes Reborn - The 4 Series\HR Pack 2 (Iron Man v2)\Iron Man v2 12.cbz
Index was out of range. Must be non-negative and less than the size of the collection.
Parameter name: index
C:\Stuff\Other\Onslaught Saga and Heroes Reborn\2 Heroes Reborn - The 4 Series\HR Pack 3 (Captain America v2)\Captain America v2 04.cbz
Index was out of range. Must be non-negative and less than the size of the collection.
Parameter name: index
C:\Stuff\Other\Onslaught Saga and Heroes Reborn\2 Heroes Reborn - The 4 Series\HR Pack 2 (Iron Man v2)\Iron Man v2 13.cbr
Index was out of range. Must be non-negative and less than the size of the collection.
Parameter name: index
C:\Stuff\Other\Onslaught Saga and Heroes Reborn\2 Heroes Reborn - The 4 Series\HR Pack 4 (Avengers v2)\Avengers v2 02.cbz
Index was out of range. Must be non-negative and less than the size of the collection.
Parameter name: index
C:\Stuff\Other\Onslaught Saga and Heroes Reborn\2 Heroes Reborn - The 4 Series\HR Pack 1 (Fantastic Four v2)\Fantastic Four v2 11.cbr
Index was out of range. Must be non-negative and less than the size of the collection.
Parameter name: index
C:\Stuff\Other\Onslaught Saga and Heroes Reborn\2 Heroes Reborn - The 4 Series\HR Pack 1 (Fantastic Four v2)\Fantastic Four v2 03.cbr
Index was out of range. Must be non-negative and less than the size of the collection.
Parameter name: index
C:\Stuff\Other\Onslaught Saga and Heroes Reborn\2 Heroes Reborn - The 4 Series\HR Pack 4 (Avengers v2)\Avengers v2 12.cbz
Index was out of range. Must be non-negative and less than the size of the collection.
Parameter name: index
C:\Stuff\Other\Onslaught Saga and Heroes Reborn\2 Heroes Reborn - The 4 Series\HR Pack 3 (Captain America v2)\Captain America v2 10.cbz
Index was out of range. Must be non-negative and less than the size of the collection.
Parameter name: index
C:\Stuff\Other\Onslaught Saga and Heroes Reborn\1 Onslaught Saga\36 - Epilogue - X-Men V2#057.cbr
Index was out of range. Must be non-negative and less than the size of the collection.
Parameter name: index
C:\Stuff\Other\Onslaught Saga and Heroes Reborn\3 Heroes Reborn - The Return\Heroes Reborn- The Return\Heroes Reborn - the return 04.cbr
Index was out of range. Must be non-negative and less than the size of the collection.
Parameter name: index
C:\Stuff\Other\Onslaught Saga and Heroes Reborn\1 Onslaught Saga\03 - Prelude - Uncanny X-Men #334.cbr
Index was out of range. Must be non-negative and less than the size of the collection.
Parameter name: index
C:\Stuff\Other\Onslaught Saga and Heroes Reborn\2 Heroes Reborn - The 4 Series\HR Pack 2 (Iron Man v2)\Iron Man v2 06.cbz
Index was out of range. Must be non-negative and less than the size of the collection.
Parameter name: index
C:\Stuff\Other\Onslaught Saga and Heroes Reborn\1 Onslaught Saga\24 - Impact two - Avengers #402.cbr
Index was out of range. Must be non-negative and less than the size of the collection.
Parameter name: index
C:\Stuff\Other\Onslaught Saga and Heroes Reborn\3 Heroes Reborn - The Return\Dr Strange discovers Heroes Alive from Incredible Hulk v1 450.cbz
Index was out of range. Must be non-negative and less than the size of the collection.
Parameter name: index
C:\Stuff\Other\Onslaught Saga and Heroes Reborn\1 Onslaught Saga\38 - Epilogue - Onslaught Epiloge - Road To Redemtion.cbr
Index was out of range. Must be non-negative and less than the size of the collection.
Parameter name: index
C:\Stuff\Other\Onslaught Saga and Heroes Reborn\1 Onslaught Saga\32 - Impact two - X-Factor #126.cbr
Index was out of range. Must be non-negative and less than the size of the collection.
Parameter name: index
C:\Stuff\Other\Onslaught Saga and Heroes Reborn\2 Heroes Reborn - The 4 Series\HR Pack 1 (Fantastic Four v2)\Fantastic Four v2 10.cbr
Index was out of range. Must be non-negative and less than the size of the collection.
Parameter name: index
C:\Stuff\Other\Onslaught Saga and Heroes Reborn\2 Heroes Reborn - The 4 Series\HR Pack 4 (Avengers v2)\Avengers v2 11.cbz
Index was out of range. Must be non-negative and less than the size of the collection.
Parameter name: index
C:\Stuff\Other\Onslaught Saga and Heroes Reborn\1 Onslaught Saga\00 - Prelude - Uncanny X-Men #322.cbr
Index was out of range. Must be non-negative and less than the size of the collection.
Parameter name: index
C:\Stuff\Other\Onslaught Saga and Heroes Reborn\2 Heroes Reborn - The 4 Series\HR Pack 2 (Iron Man v2)\Iron Man v2 09.cbz
Index was out of range. Must be non-negative and less than the size of the collection.
Parameter name: index
C:\Stuff\Other\Onslaught Saga and Heroes Reborn\2 Heroes Reborn - The 4 Series\HR Pack 4 (Avengers v2)\Avengers v2 01.cbz
Index was out of range. Must be non-negative and less than the size of the collection.
Parameter name: index
C:\Stuff\Other\Onslaught Saga and Heroes Reborn\2 Heroes Reborn - The 4 Series\HR Pack 1 (Fantastic Four v2)\Fantastic Four v2 02.cbr
Index was out of range. Must be non-negative and less than the size of the collection.
Parameter name: index
C:\Stuff\Other\Onslaught Saga and Heroes Reborn\2 Heroes Reborn - The 4 Series\HR Pack 1 (Fantastic Four v2)\Fantastic Four v2 11.cbr
Index was out of range. Must be non-negative and less than the size of the collection.
Parameter name: index
C:\Stuff\Other\Onslaught Saga and Heroes Reborn\1 Onslaught Saga\21 - Impact One - X-Factor #125.cbr
Index was out of range. Must be non-negative and less than the size of the collection.
Parameter name: index
C:\Stuff\Other\Onslaught Saga and Heroes Reborn\2 Heroes Reborn - The 4 Series\HR Pack 4 (Avengers v2)\Avengers v2 02.cbz
Index was out of range. Must be non-negative and less than the size of the collection.
Parameter name: index
C:\Stuff\Other\Onslaught Saga and Heroes Reborn\2 Heroes Reborn - The 4 Series\HR Pack 1 (Fantastic Four v2)\Fantastic Four v2 13.cbr
Index was out of range. Must be non-negative and less than the size of the collection.
Parameter name: index
C:\Stuff\Other\Onslaught Saga and Heroes Reborn\2 Heroes Reborn - The 4 Series\HR Pack 1 (Fantastic Four v2)\Fantastic Four v2 11.cbr
Index was out of range. Must be non-negative and less than the size of the collection.
Parameter name: index
C:\Stuff\Other\Onslaught Saga and Heroes Reborn\2 Heroes Reborn - The 4 Series\HR Pack 3 (Captain America v2)\Captain America v2 04.cbz
Index was out of range. Must be non-negative and less than the size of the collection.
Parameter name: index
C:\Stuff\Other\Onslaught Saga and Heroes Reborn\2 Heroes Reborn - The 4 Series\HR Pack 2 (Iron Man v2)\Iron Man v2 01.cbr
Index was out of range. Must be non-negative and less than the size of the collection.
Parameter name: index
C:\Stuff\Other\Onslaught Saga and Heroes Reborn\2 Heroes Reborn - The 4 Series\HR Pack 3 (Captain America v2)\Captain America v2 05.cbz
Index was out of range. Must be non-negative and less than the size of the collection.
Parameter name: index
C:\Stuff\Other\Onslaught Saga and Heroes Reborn\2 Heroes Reborn - The 4 Series\HR Pack 3 (Captain America v2)\Captain America v2 10.cbz
Index was out of range. Must be non-negative and less than the size of the collection.
Parameter name: index
C:\Stuff\Other\Onslaught Saga and Heroes Reborn\2 Heroes Reborn - The 4 Series\HR Pack 1 (Fantastic Four v2)\Fantastic Four v2 13.cbr
Index was out of range. Must be non-negative and less than the size of the collection.
Parameter name: index
C:\Stuff\Other\Onslaught Saga and Heroes Reborn\1 Onslaught Saga\34 - Conclusion - Onslaught Marvel Universe.cbr
Index was out of range. Must be non-negative and less than the size of the collection.
Parameter name: index
C:\Stuff\Other\Onslaught Saga and Heroes Reborn\1 Onslaught Saga\04 - Prelude - X-Men V2#054.cbr
Index was out of range. Must be non-negative and less than the size of the collection.
Parameter name: index
C:\Stuff\Other\Onslaught Saga and Heroes Reborn\1 Onslaught Saga\21 - Impact One - X-Factor #125.cbr
Index was out of range. Must be non-negative and less than the size of the collection.
Parameter name: index
C:\Stuff\Other\Onslaught Saga and Heroes Reborn\2 Heroes Reborn - The 4 Series\HR Pack 4 (Avengers v2)\Avengers v2 09.cbz
Index was out of range. Must be non-negative and less than the size of the collection.
Parameter name: index
C:\Stuff\Other\Onslaught Saga and Heroes Reborn\2 Heroes Reborn - The 4 Series\HR Pack 3 (Captain America v2)\Captain America v2 05.cbz
Index was out of range. Must be non-negative and less than the size of the collection.
Parameter name: index
C:\Stuff\Other\Onslaught Saga and Heroes Reborn\1 Onslaught Saga\04 - Prelude - X-Men V2#054.cbr
Index was out of range. Must be non-negative and less than the size of the collection.
Parameter name: index
C:\Stuff\Other\Onslaught Saga and Heroes Reborn\2 Heroes Reborn - The 4 Series\HR Pack 4 (Avengers v2)\Avengers v2 08.cbz
Index was out of range. Must be non-negative and less than the size of the collection.
Parameter name: index
C:\Stuff\Other\Onslaught Saga and Heroes Reborn\2 Heroes Reborn - The 4 Series\HR Pack 3 (Captain America v2)\Captain America v2 01.cbz
Index was out of range. Must be non-negative and less than the size of the collection.
Parameter name: index
C:\Stuff\Other\Onslaught Saga and Heroes Reborn\2 Heroes Reborn - The 4 Series\HR Pack 2 (Iron Man v2)\Iron Man v2 02.cbz
Index was out of range. Must be non-negative and less than the size of the collection.
Parameter name: index
C:\Stuff\Other\Onslaught Saga and Heroes Reborn\2 Heroes Reborn - The 4 Series\HR Pack 4 (Avengers v2)\Avengers v2 10.cbr
Index was out of range. Must be non-negative and less than the size of the collection.
Parameter name: index
C:\Stuff\Other\Onslaught Saga and Heroes Reborn\2 Heroes Reborn - The 4 Series\HR Pack 4 (Avengers v2)\Avengers v2 07.cbz
Index was out of range. Must be non-negative and less than the size of the collection.
Parameter name: index
C:\Stuff\Other\Onslaught Saga and Heroes Reborn\1 Onslaught Saga\10 - Phase One - Avengers #401.cbr
Index was out of range. Must be non-negative and less than the size of the collection.
Parameter name: index
C:\Stuff\Other\Onslaught Saga and Heroes Reborn\3 Heroes Reborn - The Return\Heroes Reborn- The Return\Heroes Reborn - the return 04.cbr
Index was out of range. Must be non-negative and less than the size of the collection.
Parameter name: index
C:\Stuff\Other\Onslaught Saga and Heroes Reborn\2 Heroes Reborn - The 4 Series\HR Pack 1 (Fantastic Four v2)\Fantastic Four v2 11.cbr
Index was out of range. Must be non-negative and less than the size of the collection.
Parameter name: index
C:\Stuff\Other\Onslaught Saga and Heroes Reborn\1 Onslaught Saga\25 - Impact two - Green Goblin #012 - Impact 2.cbr
Index was out of range. Must be non-negative and less than the size of the collection.
Parameter name: index
C:\Stuff\Other\Onslaught Saga and Heroes Reborn\3 Heroes Reborn - The Return\Heroes Reborn- The Return\Heroes Reborn - the return 03.cbr
Index was out of range. Must be non-negative and less than the size of the collection.
Parameter name: index
C:\Stuff\Other\Onslaught Saga and Heroes Reborn\2 Heroes Reborn - The 4 Series\HR Pack 3 (Captain America v2)\Captain America v2 10.cbz
Index was out of range. Must be non-negative and less than the size of the collection.
Parameter name: index
C:\Stuff\Other\Onslaught Saga and Heroes Reborn\1 Onslaught Saga\00 - Prelude - Uncanny X-Men #322.cbr
Index was out of range. Must be non-negative and less than the size of the collection.
Parameter name: index
C:\Stuff\Other\Onslaught Saga and Heroes Reborn\2 Heroes Reborn - The 4 Series\HR Pack 4 (Avengers v2)\Avengers v2 03.cbz
Index was out of range. Must be non-negative and less than the size of the collection.
Parameter name: index
C:\Stuff\Other\Onslaught Saga and Heroes Reborn\1 Onslaught Saga\18 - Impact One - Generation X #18.cbr
Index was out of range. Must be non-negative and less than the size of the collection.
Parameter name: index
C:\Stuff\Other\Onslaught Saga and Heroes Reborn\1 Onslaught Saga\18 - Impact One - Generation X #18.cbr
Index was out of range. Must be non-negative and less than the size of the collection.
Parameter name: index
C:\Stuff\Other\Onslaught Saga and Heroes Reborn\2 Heroes Reborn - The 4 Series\HR Pack 3 (Captain America v2)\Captain America v2 05.cbz
Index was out of range. Must be non-negative and less than the size of the collection.
Parameter name: index
C:\Stuff\Other\Onslaught Saga and Heroes Reborn\2 Heroes Reborn - The 4 Series\HR Pack 2 (Iron Man v2)\Iron Man v2 05.cbz
Index was out of range. Must be non-negative and less than the size of the collection.
Parameter name: index
C:\Stuff\Other\Onslaught Saga and Heroes Reborn\2 Heroes Reborn - The 4 Series\HR Pack 3 (Captain America v2)\Captain America v2 13.cbz
Index was out of range. Must be non-negative and less than the size of the collection.
Parameter name: index
C:\Stuff\Other\Onslaught Saga and Heroes Reborn\2 Heroes Reborn - The 4 Series\HR Pack 1 (Fantastic Four v2)\Fantastic Four v2 01.cbr
Index was out of range. Must be non-negative and less than the size of the collection.
Parameter name: index
C:\Stuff\Other\Onslaught Saga and Heroes Reborn\1 Onslaught Saga\38 - Epilogue - Onslaught Epiloge - Road To Redemtion.cbr
Index was out of range. Must be non-negative and less than the size of the collection.
Parameter name: index
C:\Stuff\Other\Onslaught Saga and Heroes Reborn\2 Heroes Reborn - The 4 Series\HR Pack 3 (Captain America v2)\Captain America v2 02.cbz
Index was out of range. Must be non-negative and less than the size of the collection.
Parameter name: index
C:\Stuff\Other\Onslaught Saga and Heroes Reborn\1 Onslaught Saga\28 - Impact two - Iron Man #332.cbr
Index was out of range. Must be non-negative and less than the size of the collection.
Parameter name: index
C:\Stuff\Other\Onslaught Saga and Heroes Reborn\3 Heroes Reborn - The Return\Heroes Reborn- The Return\Heroes Reborn - the return 04.cbr
Index was out of range. Must be non-negative and less than the size of the collection.
Parameter name: index
C:\Stuff\Other\Onslaught Saga and Heroes Reborn\1 Onslaught Saga\15 - Phase two - X-Man #19.cbr
Index was out of range. Must be non-negative and less than the size of the collection.
Parameter name: index
C:\Stuff\Other\Onslaught Saga and Heroes Reborn\1 Onslaught Saga\20 - Impact One - Wolverine #104.cbr
Index was out of range. Must be non-negative and less than the size of the collection.
Parameter name: index
C:\Stuff\Other\Onslaught Saga and Heroes Reborn\1 Onslaught Saga\32 - Impact two - X-Factor #126.cbr
Index was out of range. Must be non-negative and less than the size of the collection.
Parameter name: index
C:\Stuff\Other\Onslaught Saga and Heroes Reborn\1 Onslaught Saga\25 - Impact two - Green Goblin #012 - Impact 2.cbr
Index was out of range. Must be non-negative and less than the size of the collection.
Parameter name: index
C:\Stuff\Other\Onslaught Saga and Heroes Reborn\1 Onslaught Saga\25 - Impact two - Green Goblin #012 - Impact 2.cbr
Index was out of range. Must be non-negative and less than the size of the collection.
Parameter name: index
C:\Stuff\Other\Onslaught Saga and Heroes Reborn\1 Onslaught Saga\01 - Overview - The Road To Onslaught.cbr
Index was out of range. Must be non-negative and less than the size of the collection.
Parameter name: index
C:\Stuff\Other\Onslaught Saga and Heroes Reborn\1 Onslaught Saga\31 - Impact two - Wolverine #105.cbr
Index was out of range. Must be non-negative and less than the size of the collection.
Parameter name: index
C:\Stuff\Other\Onslaught Saga and Heroes Reborn\1 Onslaught Saga\20 - Impact One - Wolverine #104.cbr
Index was out of range. Must be non-negative and less than the size of the collection.
Parameter name: index
C:\Stuff\Other\Onslaught Saga and Heroes Reborn\2 Heroes Reborn - The 4 Series\HR Pack 4 (Avengers v2)\Avengers v2 09.cbz
Index was out of range. Must be non-negative and less than the size of the collection.
Parameter name: index
C:\Stuff\Other\Onslaught Saga and Heroes Reborn\2 Heroes Reborn - The 4 Series\HR Pack 1 (Fantastic Four v2)\Fantastic Four v2 02.cbr
Index was out of range. Must be non-negative and less than the size of the collection.
Parameter name: index
C:\Stuff\Other\Onslaught Saga and Heroes Reborn\3 Heroes Reborn - The Return\Heroes Reborn- The Return\Heroes Reborn - the return 02.cbr
Index was out of range. Must be non-negative and less than the size of the collection.
Parameter name: index
C:\Stuff\Other\Onslaught Saga and Heroes Reborn\2 Heroes Reborn - The 4 Series\HR Pack 3 (Captain America v2)\Captain America v2 11.cbr
Index was out of range. Must be non-negative and less than the size of the collection.
Parameter name: index
C:\Stuff\Other\Onslaught Saga and Heroes Reborn\1 Onslaught Saga\20 - Impact One - Wolverine #104.cbr
Index was out of range. Must be non-negative and less than the size of the collection.
Parameter name: index
C:\Stuff\Other\Onslaught Saga and Heroes Reborn\1 Onslaught Saga\04 - Prelude - X-Men V2#054.cbr
Index was out of range. Must be non-negative and less than the size of the collection.
Parameter name: index
C:\Stuff\Other\Onslaught Saga and Heroes Reborn\1 Onslaught Saga\25 - Impact two - Green Goblin #012 - Impact 2.cbr
Index was out of range. Must be non-negative and less than the size of the collection.
Parameter name: index
C:\Stuff\Other\Onslaught Saga and Heroes Reborn\2 Heroes Reborn - The 4 Series\HR Pack 1 (Fantastic Four v2)\Fantastic Four v2 12.cbr
Index was out of range. Must be non-negative and less than the size of the collection.
Parameter name: index
C:\Stuff\Other\Onslaught Saga and Heroes Reborn\2 Heroes Reborn - The 4 Series\HR Pack 1 (Fantastic Four v2)\Fantastic Four v2 01.cbr
Index was out of range. Must be non-negative and less than the size of the collection.
Parameter name: index
C:\Stuff\Other\Onslaught Saga and Heroes Reborn\1 Onslaught Saga\34 - Conclusion - Onslaught Marvel Universe.cbr
Index was out of range. Must be non-negative and less than the size of the collection.
Parameter name: index
C:\Stuff\Other\Onslaught Saga and Heroes Reborn\2 Heroes Reborn - The 4 Series\HR Pack 2 (Iron Man v2)\Iron Man v2 10.cbz
Index was out of range. Must be non-negative and less than the size of the collection.
Parameter name: index
C:\Stuff\Other\Onslaught Saga and Heroes Reborn\2 Heroes Reborn - The 4 Series\HR Pack 3 (Captain America v2)\Captain America v2 11.cbr
Index was out of range. Must be non-negative and less than the size of the collection.
Parameter name: index
C:\Stuff\Other\Onslaught Saga and Heroes Reborn\2 Heroes Reborn - The 4 Series\HR Pack 2 (Iron Man v2)\Iron Man v2 09.cbz
Index was out of range. Must be non-negative and less than the size of the collection.
Parameter name: index
C:\Stuff\Other\Onslaught Saga and Heroes Reborn\2 Heroes Reborn - The 4 Series\HR Pack 1 (Fantastic Four v2)\Fantastic Four v2 06.cbr
Index was out of range. Must be non-negative and less than the size of the collection.
Parameter name: index
C:\Stuff\Other\Onslaught Saga and Heroes Reborn\2 Heroes Reborn - The 4 Series\HR Pack 4 (Avengers v2)\Avengers v2 05.cbz
Index was out of range. Must be non-negative and less than the size of the collection.
Parameter name: index
C:\Stuff\Other\Onslaught Saga and Heroes Reborn\2 Heroes Reborn - The 4 Series\HR Pack 1 (Fantastic Four v2)\Fantastic Four v2 13.cbr
Index was out of range. Must be non-negative and less than the size of the collection.
Parameter name: index
C:\Stuff\Other\Onslaught Saga and Heroes Reborn\2 Heroes Reborn - The 4 Series\HR Pack 1 (Fantastic Four v2)\Fantastic Four v2 09.cbr
Index was out of range. Must be non-negative and less than the size of the collection.
Parameter name: index
C:\Stuff\Other\Onslaught Saga and Heroes Reborn\2 Heroes Reborn - The 4 Series\HR Pack 4 (Avengers v2)\Avengers v2 01.cbz
Index was out of range. Must be non-negative and less than the size of the collection.
Parameter name: index
C:\Stuff\Other\Onslaught Saga and Heroes Reborn\2 Heroes Reborn - The 4 Series\HR Pack 1 (Fantastic Four v2)\Fantastic Four v2 12.cbr
Index was out of range. Must be non-negative and less than the size of the collection.
Parameter name: index
C:\Stuff\Other\Onslaught Saga and Heroes Reborn\1 Onslaught Saga\01 - Overview - The Road To Onslaught.cbr
Index was out of range. Must be non-negative and less than the size of the collection.
Parameter name: index
C:\Stuff\Other\Onslaught Saga and Heroes Reborn\2 Heroes Reborn - The 4 Series\HR Pack 4 (Avengers v2)\Avengers v2 12.cbz
Index was out of range. Must be non-negative and less than the size of the collection.
Parameter name: index
C:\Stuff\Other\Onslaught Saga and Heroes Reborn\1 Onslaught Saga\27 - Impact two - Incredible Hulk #445.cbr
Index was out of range. Must be non-negative and less than the size of the collection.
Parameter name: index
C:\Stuff\Other\Onslaught Saga and Heroes Reborn\2 Heroes Reborn - The 4 Series\HR Pack 2 (Iron Man v2)\Iron Man v2 06.cbz
Index was out of range. Must be non-negative and less than the size of the collection.
Parameter name: index
C:\Stuff\Other\Onslaught Saga and Heroes Reborn\2 Heroes Reborn - The 4 Series\HR Pack 3 (Captain America v2)\Captain America v2 04.cbz
Index was out of range. Must be non-negative and less than the size of the collection.
Parameter name: index
C:\Stuff\Other\Onslaught Saga and Heroes Reborn\1 Onslaught Saga\10 - Phase One - Avengers #401.cbr
Index was out of range. Must be non-negative and less than the size of the collection.
Parameter name: index
C:\Stuff\Other\Onslaught Saga and Heroes Reborn\1 Onslaught Saga\18 - Impact One - Generation X #18.cbr
Index was out of range. Must be non-negative and less than the size of the collection.
Parameter name: index
C:\Stuff\Other\Onslaught Saga and Heroes Reborn\1 Onslaught Saga\03 - Prelude - Uncanny X-Men #334.cbr
Index was out of range. Must be non-negative and less than the size of the collection.
Parameter name: index
C:\Stuff\Other\Onslaught Saga and Heroes Reborn\2 Heroes Reborn - The 4 Series\HR Pack 2 (Iron Man v2)\Iron Man v2 11.cbz
Index was out of range. Must be non-negative and less than the size of the collection.
Parameter name: index
C:\Stuff\Other\Onslaught Saga and Heroes Reborn\1 Onslaught Saga\15 - Phase two - X-Man #19.cbr
Index was out of range. Must be non-negative and less than the size of the collection.
Parameter name: index
C:\Stuff\Other\Onslaught Saga and Heroes Reborn\2 Heroes Reborn - The 4 Series\HR Pack 3 (Captain America v2)\Captain America v2 04.cbz
Index was out of range. Must be non-negative and less than the size of the collection.
Parameter name: index
C:\Stuff\Other\Onslaught Saga and Heroes Reborn\2 Heroes Reborn - The 4 Series\HR Pack 1 (Fantastic Four v2)\Fantastic Four v2 04.cbr
Index was out of range. Must be non-negative and less than the size of the collection.
Parameter name: index
C:\Stuff\Other\Onslaught Saga and Heroes Reborn\2 Heroes Reborn - The 4 Series\HR Pack 4 (Avengers v2)\Avengers v2 01.cbz
Index was out of range. Must be non-negative and less than the size of the collection.
Parameter name: index
I:\Stuff\Comics\Fantastic Four\Fantastic Four V1961 #543 (2).cbz
Extension "cbz" is not a supported archive file name extension.
